SF:lib\app\features\convert\domain\entities\conversion_params_entity.dart
DA:8,2
DA:14,2
DA:15,12
DA:16,1
DA:18,4
DA:19,1
LF:6
LH:6
end_of_record
SF:lib\app\features\convert\domain\entities\currency_entity.dart
DA:5,5
LF:1
LH:1
end_of_record
SF:lib\app\features\convert\domain\errors\errors.dart
DA:7,3
DA:14,3
DA:20,1
DA:26,1
LF:4
LH:4
end_of_record
SF:lib\app\features\convert\domain\usecases\get_currencies_usecase.dart
DA:13,1
DA:14,1
DA:16,2
LF:3
LH:3
end_of_record
SF:lib\app\features\convert\infra\models\currency_model.dart
DA:4,5
DA:6,2
DA:7,6
LF:3
LH:3
end_of_record
SF:lib\app\features\convert\domain\entities\conversion_entity.dart
DA:5,1
LF:1
LH:1
end_of_record
SF:lib\app\features\convert\domain\usecases\convert_usecase.dart
DA:18,1
DA:20,1
DA:25,1
DA:26,2
DA:29,1
DA:30,2
DA:31,1
DA:32,1
DA:33,1
LF:9
LH:9
end_of_record
SF:lib\app\features\convert\infra\models\conversion_model.dart
DA:5,1
DA:7,0
DA:8,0
DA:9,0
DA:10,0
LF:5
LH:1
end_of_record
SF:lib\app\features\convert\infra\models\conversion_params_model.dart
DA:4,1
LF:1
LH:1
end_of_record
SF:lib\app\core\rest_client\rest_client.dart
DA:10,1
DA:11,2
DA:12,0
DA:15,3
LF:4
LH:3
end_of_record
SF:lib\app\core\rest_client\rest_client_exception.dart
DA:14,2
DA:23,0
DA:25,0
DA:27,0
LF:4
LH:1
end_of_record
SF:lib\app\core\rest_client\rest_client_response.dart
DA:9,1
DA:14,1
DA:16,0
DA:18,0
LF:4
LH:2
end_of_record
SF:lib\app\features\convert\external\currency_datasource_impl.dart
DA:10,1
DA:12,1
DA:14,3
DA:16,2
DA:17,3
DA:18,1
LF:6
LH:6
end_of_record
SF:lib\app\features\convert\infra\repositories\currency_repository_impl.dart
DA:14,1
DA:16,1
DA:19,2
DA:21,1
DA:22,2
DA:24,1
DA:25,1
DA:26,2
DA:30,0
DA:34,0
LF:10
LH:8
end_of_record
SF:lib\app\features\convert\presenter\select_currencies_controller.dart
DA:7,1
DA:14,1
DA:15,2
DA:16,2
DA:17,1
DA:18,4
DA:19,4
LF:7
LH:7
end_of_record
SF:lib\app\features\convert\presenter\states\get_currencies_states.dart
DA:7,1
DA:11,1
DA:16,1
DA:21,1
LF:4
LH:4
end_of_record
